-------------------------------------------------------------------------------
Test set: com.kps.curencyconv.EurekaCcApplicationTests
-------------------------------------------------------------------------------
Tests run: 1, Failures: 0, Errors: 1, Skipped: 0, Time elapsed: 0.915 s <<< FAILURE! - in com.kps.curencyconv.EurekaCcApplicationTests
com.kps.curencyconv.EurekaCcApplicationTests  Time elapsed: 0.91 s  <<< ERROR!
java.lang.IllegalStateException: Unable to find a @SpringBootConfiguration, you need to use @ContextConfiguration or @SpringBootTest(classes=...) with your test

